<?xml version="1.0" encoding="UTF-8"?>
<testng-results ignored="0" total="1" passed="1" failed="0" skipped="0">
  <reporter-output>
    <line>
      <![CDATA[Default test started]]>
    </line>
    <line>
      <![CDATA[Login Pageis Displayed, PASS]]>
    </line>
    <line>
      <![CDATA[validLoginTest method Started]]>
    </line>
    <line>
      <![CDATA[Enter Time Track Pageis Displayed, PASS]]>
    </line>
    <line>
      <![CDATA[validLoginTest method PASSED]]>
    </line>
  </reporter-output>
  <suite started-at="2022-06-01T21:38:28 IST" name="Default suite" finished-at="2022-06-01T21:39:44 IST" duration-ms="76732">
    <groups>
    </groups>
    <test started-at="2022-06-01T21:38:28 IST" name="Default test" finished-at="2022-06-01T21:39:44 IST" duration-ms="76732">
      <class name="com.Actitime.Login.ValidLogin">
        <test-method is-config="true" signature="openBrowser()[pri:0, instance:com.Actitime.Login.ValidLogin@3f197a46]" started-at="2022-06-01T21:38:28 IST" name="openBrowser" finished-at="2022-06-01T21:39:37 IST" duration-ms="69261" status="PASS">
          <reporter-output>
            <line>
              <![CDATA[Login Pageis Displayed, PASS]]>
            </line>
          </reporter-output>
        </test-method> <!-- openBrowser -->
        <test-method signature="validLoginTest()[pri:0, instance:com.Actitime.Login.ValidLogin@3f197a46]" started-at="2022-06-01T21:39:37 IST" name="validLoginTest" finished-at="2022-06-01T21:39:44 IST" duration-ms="7072" status="PASS">
          <reporter-output>
            <line>
              <![CDATA[validLoginTest method Started]]>
            </line>
            <line>
              <![CDATA[Enter Time Track Pageis Displayed, PASS]]>
            </line>
            <line>
              <![CDATA[validLoginTest method PASSED]]>
            </line>
          </reporter-output>
        </test-method> <!-- validLoginTest -->
        <test-method is-config="true" signature="closeBrowser()[pri:0, instance:com.Actitime.Login.ValidLogin@3f197a46]" started-at="2022-06-01T21:39:44 IST" name="closeBrowser" finished-at="2022-06-01T21:39:44 IST" duration-ms="361" status="PASS">
          <reporter-output>
          </reporter-output>
        </test-method> <!-- closeBrowser -->
      </class> <!-- com.Actitime.Login.ValidLogin -->
    </test> <!-- Default test -->
  </suite> <!-- Default suite -->
</testng-results>
